{
  "stats": {
    "suites": 2,
    "tests": 4,
    "passes": 4,
    "pending": 0,
    "failures": 0,
    "start": "2017-10-15T07:04:35.587Z",
    "end": "2017-10-15T07:05:11.568Z",
    "duration": 35981,
    "testsRegistered": 4,
    "passPercent": 100,
    "pendingPercent": 0,
    "other": 0,
    "hasOther": false,
    "skipped": 0,
    "hasSkipped": false,
    "passPercentClass": "success",
    "pendingPercentClass": "danger"
  },
  "suites": {
    "title": "",
    "suites": [
      {
        "title": "用户登录",
        "suites": [
          {
            "title": "异常登录是否会提示正确",
            "suites": [],
            "tests": [
              {
                "title": "直接点击登录按钮",
                "fullTitle": "用户登录 异常登录是否会提示正确 直接点击登录按钮",
                "timedOut": false,
                "duration": 10232,
                "state": "passed",
                "speed": "slow",
                "pass": true,
                "fail": false,
                "pending": false,
                "code": "async function () {\n            await uiaction.userLogin(web,\"\",\"\")\n            let errortip = await web.findElement(loginPage.errortip).getText()\n            console.log(errortip)\n            return assert.ok(errortip.indexOf(\"信息不完整\") > -1)",
                "err": {},
                "isRoot": false,
                "uuid": "d7816619-7abd-4af9-bf18-b2fcd5a3c457",
                "parentUUID": "a0b748b1-b852-41ea-8969-5c12fc646fe0",
                "isHook": false,
                "skipped": false
              },
              {
                "title": "输入不存在的用户名",
                "fullTitle": "用户登录 异常登录是否会提示正确 输入不存在的用户名",
                "timedOut": false,
                "duration": 3261,
                "state": "passed",
                "speed": "slow",
                "pass": true,
                "fail": false,
                "pending": false,
                "code": "async function () {\n            await uiaction.userLogin(web, \"qweqrwqwe\", \"1233454\")\n            let errortip = await web.findElement(loginPage.errortip).getText()\n            console.log(errortip)\n            return assert.ok(errortip.indexOf(\"用户名或密码错误\") > -1)",
                "err": {},
                "isRoot": false,
                "uuid": "f5070959-85bc-45a8-bf8c-f24d4fde4b1f",
                "parentUUID": "a0b748b1-b852-41ea-8969-5c12fc646fe0",
                "isHook": false,
                "skipped": false
              },
              {
                "title": "输入密码错误",
                "fullTitle": "用户登录 异常登录是否会提示正确 输入密码错误",
                "timedOut": false,
                "duration": 3853,
                "state": "passed",
                "speed": "slow",
                "pass": true,
                "fail": false,
                "pending": false,
                "code": "async function () {\n            await uiaction.userLogin(web, xufeng.username, \"qwerqwer\")\n            let errortip = await web.findElement(loginPage.errortip).getText()\n            console.log(errortip)\n            // return assert.deepEqual(\"x\\n用户名或密码错误\",errortip)\n            return assert.ok(errortip.indexOf(\"用户名或密码错误\") > -1)",
                "err": {},
                "isRoot": false,
                "uuid": "c49898af-55ab-4000-95f0-aa81a59466e5",
                "parentUUID": "a0b748b1-b852-41ea-8969-5c12fc646fe0",
                "isHook": false,
                "skipped": false
              }
            ],
            "pending": [],
            "root": false,
            "_timeout": 600000,
            "file": "\\uiTest\\userTest\\login.js",
            "uuid": "a0b748b1-b852-41ea-8969-5c12fc646fe0",
            "beforeHooks": [],
            "afterHooks": [],
            "fullFile": "D:\\AutoTest\\MyProject\\nodejsTestProject\\uiTest\\userTest\\login.js",
            "passes": [
              {
                "title": "直接点击登录按钮",
                "fullTitle": "用户登录 异常登录是否会提示正确 直接点击登录按钮",
                "timedOut": false,
                "duration": 10232,
                "state": "passed",
                "speed": "slow",
                "pass": true,
                "fail": false,
                "pending": false,
                "code": "async function () {\n            await uiaction.userLogin(web,\"\",\"\")\n            let errortip = await web.findElement(loginPage.errortip).getText()\n            console.log(errortip)\n            return assert.ok(errortip.indexOf(\"信息不完整\") > -1)",
                "err": {},
                "isRoot": false,
                "uuid": "d7816619-7abd-4af9-bf18-b2fcd5a3c457",
                "parentUUID": "a0b748b1-b852-41ea-8969-5c12fc646fe0",
                "isHook": false,
                "skipped": false
              },
              {
                "title": "输入不存在的用户名",
                "fullTitle": "用户登录 异常登录是否会提示正确 输入不存在的用户名",
                "timedOut": false,
                "duration": 3261,
                "state": "passed",
                "speed": "slow",
                "pass": true,
                "fail": false,
                "pending": false,
                "code": "async function () {\n            await uiaction.userLogin(web, \"qweqrwqwe\", \"1233454\")\n            let errortip = await web.findElement(loginPage.errortip).getText()\n            console.log(errortip)\n            return assert.ok(errortip.indexOf(\"用户名或密码错误\") > -1)",
                "err": {},
                "isRoot": false,
                "uuid": "f5070959-85bc-45a8-bf8c-f24d4fde4b1f",
                "parentUUID": "a0b748b1-b852-41ea-8969-5c12fc646fe0",
                "isHook": false,
                "skipped": false
              },
              {
                "title": "输入密码错误",
                "fullTitle": "用户登录 异常登录是否会提示正确 输入密码错误",
                "timedOut": false,
                "duration": 3853,
                "state": "passed",
                "speed": "slow",
                "pass": true,
                "fail": false,
                "pending": false,
                "code": "async function () {\n            await uiaction.userLogin(web, xufeng.username, \"qwerqwer\")\n            let errortip = await web.findElement(loginPage.errortip).getText()\n            console.log(errortip)\n            // return assert.deepEqual(\"x\\n用户名或密码错误\",errortip)\n            return assert.ok(errortip.indexOf(\"用户名或密码错误\") > -1)",
                "err": {},
                "isRoot": false,
                "uuid": "c49898af-55ab-4000-95f0-aa81a59466e5",
                "parentUUID": "a0b748b1-b852-41ea-8969-5c12fc646fe0",
                "isHook": false,
                "skipped": false
              }
            ],
            "failures": [],
            "skipped": [],
            "hasBeforeHooks": false,
            "hasAfterHooks": false,
            "hasTests": true,
            "hasSuites": false,
            "totalTests": 3,
            "totalPasses": 3,
            "totalFailures": 0,
            "totalPending": 0,
            "totalSkipped": 0,
            "hasPasses": true,
            "hasFailures": false,
            "hasPending": false,
            "hasSkipped": false,
            "duration": 17346,
            "rootEmpty": false
          }
        ],
        "tests": [
          {
            "title": "输入正确的用户名和密码登录",
            "fullTitle": "用户登录 输入正确的用户名和密码登录",
            "timedOut": false,
            "duration": 16363,
            "state": "passed",
            "speed": "slow",
            "pass": true,
            "fail": false,
            "pending": false,
            "code": "async function () {\n        await uiaction.userLogin(web, xufeng.username, xufeng.password)",
            "err": {},
            "isRoot": false,
            "uuid": "d9caf907-aa4e-4613-9ac9-a86688e61c33",
            "parentUUID": "010efc94-3133-4cb7-8421-a6ab889e29b7",
            "isHook": false,
            "skipped": false
          }
        ],
        "pending": [],
        "root": false,
        "_timeout": 600000,
        "file": "\\uiTest\\userTest\\login.js",
        "uuid": "010efc94-3133-4cb7-8421-a6ab889e29b7",
        "beforeHooks": [
          {
            "title": "\"before all\" hook: befor ",
            "fullTitle": "用户登录 \"before all\" hook: befor ",
            "timedOut": false,
            "duration": 3,
            "pass": false,
            "fail": false,
            "pending": false,
            "code": "async function (){\n        //  before todo",
            "err": {},
            "isRoot": false,
            "uuid": "31881903-d6b3-441c-99e8-392ddcc5e744",
            "parentUUID": "010efc94-3133-4cb7-8421-a6ab889e29b7",
            "isHook": true,
            "skipped": false
          }
        ],
        "afterHooks": [
          {
            "title": "\"after all\" hook:  close browser",
            "fullTitle": "用户登录 \"after all\" hook:  close browser",
            "timedOut": false,
            "duration": 156,
            "pass": false,
            "fail": false,
            "pending": false,
            "code": "async function () {\n        //await web.manage().deleteAllCookies();\n        return await web.quit();",
            "err": {},
            "isRoot": false,
            "uuid": "552faac3-93a5-41bf-81f3-0310bf65fb71",
            "parentUUID": "010efc94-3133-4cb7-8421-a6ab889e29b7",
            "isHook": true,
            "skipped": false
          },
          {
            "title": "\"after each\" hook: tackscreenshot",
            "fullTitle": "用户登录 \"after each\" hook: tackscreenshot",
            "timedOut": false,
            "duration": 330,
            "pass": false,
            "fail": false,
            "pending": false,
            "code": "async function () {\n        await uiaction.saveScreenShots(web);\n        await web.manage().deleteAllCookies();",
            "err": {},
            "isRoot": false,
            "uuid": "23b211a7-ecc2-49da-b0d8-3914fdf90891",
            "parentUUID": "010efc94-3133-4cb7-8421-a6ab889e29b7",
            "isHook": true,
            "skipped": false
          }
        ],
        "fullFile": "D:\\AutoTest\\MyProject\\nodejsTestProject\\uiTest\\userTest\\login.js",
        "passes": [
          {
            "title": "输入正确的用户名和密码登录",
            "fullTitle": "用户登录 输入正确的用户名和密码登录",
            "timedOut": false,
            "duration": 16363,
            "state": "passed",
            "speed": "slow",
            "pass": true,
            "fail": false,
            "pending": false,
            "code": "async function () {\n        await uiaction.userLogin(web, xufeng.username, xufeng.password)",
            "err": {},
            "isRoot": false,
            "uuid": "d9caf907-aa4e-4613-9ac9-a86688e61c33",
            "parentUUID": "010efc94-3133-4cb7-8421-a6ab889e29b7",
            "isHook": false,
            "skipped": false
          }
        ],
        "failures": [],
        "skipped": [],
        "hasBeforeHooks": true,
        "hasAfterHooks": true,
        "hasTests": true,
        "hasSuites": true,
        "totalTests": 1,
        "totalPasses": 1,
        "totalFailures": 0,
        "totalPending": 0,
        "totalSkipped": 0,
        "hasPasses": true,
        "hasFailures": false,
        "hasPending": false,
        "hasSkipped": false,
        "duration": 16363,
        "rootEmpty": false
      }
    ],
    "tests": [],
    "pending": [],
    "root": true,
    "_timeout": 2000,
    "uuid": "307dd6d5-b67b-4d0d-8486-a7b89be03898",
    "beforeHooks": [],
    "afterHooks": [],
    "fullFile": "",
    "file": "",
    "passes": [],
    "failures": [],
    "skipped": [],
    "hasBeforeHooks": false,
    "hasAfterHooks": false,
    "hasTests": false,
    "hasSuites": true,
    "totalTests": 0,
    "totalPasses": 0,
    "totalFailures": 0,
    "totalPending": 0,
    "totalSkipped": 0,
    "hasPasses": false,
    "hasFailures": false,
    "hasPending": false,
    "hasSkipped": false,
    "duration": 0,
    "rootEmpty": true
  },
  "allTests": [
    {
      "title": "输入正确的用户名和密码登录",
      "fullTitle": "用户登录 输入正确的用户名和密码登录",
      "timedOut": false,
      "duration": 16363,
      "state": "passed",
      "speed": "slow",
      "pass": true,
      "fail": false,
      "pending": false,
      "code": "async function () {\n        await uiaction.userLogin(web, xufeng.username, xufeng.password)",
      "err": {},
      "isRoot": false,
      "uuid": "d9caf907-aa4e-4613-9ac9-a86688e61c33",
      "parentUUID": "010efc94-3133-4cb7-8421-a6ab889e29b7",
      "isHook": false,
      "skipped": false
    },
    {
      "title": "直接点击登录按钮",
      "fullTitle": "异常登录是否会提示正确 直接点击登录按钮",
      "timedOut": false,
      "duration": 10232,
      "state": "passed",
      "speed": "slow",
      "pass": true,
      "fail": false,
      "pending": false,
      "code": "async function () {\n            await uiaction.userLogin(web,\"\",\"\")\n            let errortip = await web.findElement(loginPage.errortip).getText()\n            console.log(errortip)\n            return assert.ok(errortip.indexOf(\"信息不完整\") > -1)",
      "err": {},
      "isRoot": false,
      "uuid": "d7816619-7abd-4af9-bf18-b2fcd5a3c457",
      "parentUUID": "a0b748b1-b852-41ea-8969-5c12fc646fe0",
      "isHook": false,
      "skipped": false
    },
    {
      "title": "输入不存在的用户名",
      "fullTitle": "异常登录是否会提示正确 输入不存在的用户名",
      "timedOut": false,
      "duration": 3261,
      "state": "passed",
      "speed": "slow",
      "pass": true,
      "fail": false,
      "pending": false,
      "code": "async function () {\n            await uiaction.userLogin(web, \"qweqrwqwe\", \"1233454\")\n            let errortip = await web.findElement(loginPage.errortip).getText()\n            console.log(errortip)\n            return assert.ok(errortip.indexOf(\"用户名或密码错误\") > -1)",
      "err": {},
      "isRoot": false,
      "uuid": "f5070959-85bc-45a8-bf8c-f24d4fde4b1f",
      "parentUUID": "a0b748b1-b852-41ea-8969-5c12fc646fe0",
      "isHook": false,
      "skipped": false
    },
    {
      "title": "输入密码错误",
      "fullTitle": "异常登录是否会提示正确 输入密码错误",
      "timedOut": false,
      "duration": 3853,
      "state": "passed",
      "speed": "slow",
      "pass": true,
      "fail": false,
      "pending": false,
      "code": "async function () {\n            await uiaction.userLogin(web, xufeng.username, \"qwerqwer\")\n            let errortip = await web.findElement(loginPage.errortip).getText()\n            console.log(errortip)\n            // return assert.deepEqual(\"x\\n用户名或密码错误\",errortip)\n            return assert.ok(errortip.indexOf(\"用户名或密码错误\") > -1)",
      "err": {},
      "isRoot": false,
      "uuid": "c49898af-55ab-4000-95f0-aa81a59466e5",
      "parentUUID": "a0b748b1-b852-41ea-8969-5c12fc646fe0",
      "isHook": false,
      "skipped": false
    }
  ],
  "allPending": [],
  "allPasses": [
    {
      "title": "输入正确的用户名和密码登录",
      "fullTitle": "用户登录 输入正确的用户名和密码登录",
      "timedOut": false,
      "duration": 16363,
      "state": "passed",
      "speed": "slow",
      "pass": true,
      "fail": false,
      "pending": false,
      "code": "async function () {\n        await uiaction.userLogin(web, xufeng.username, xufeng.password)",
      "err": {},
      "isRoot": false,
      "uuid": "d9caf907-aa4e-4613-9ac9-a86688e61c33",
      "parentUUID": "010efc94-3133-4cb7-8421-a6ab889e29b7",
      "isHook": false,
      "skipped": false
    },
    {
      "title": "直接点击登录按钮",
      "fullTitle": "异常登录是否会提示正确 直接点击登录按钮",
      "timedOut": false,
      "duration": 10232,
      "state": "passed",
      "speed": "slow",
      "pass": true,
      "fail": false,
      "pending": false,
      "code": "async function () {\n            await uiaction.userLogin(web,\"\",\"\")\n            let errortip = await web.findElement(loginPage.errortip).getText()\n            console.log(errortip)\n            return assert.ok(errortip.indexOf(\"信息不完整\") > -1)",
      "err": {},
      "isRoot": false,
      "uuid": "d7816619-7abd-4af9-bf18-b2fcd5a3c457",
      "parentUUID": "a0b748b1-b852-41ea-8969-5c12fc646fe0",
      "isHook": false,
      "skipped": false
    },
    {
      "title": "输入不存在的用户名",
      "fullTitle": "异常登录是否会提示正确 输入不存在的用户名",
      "timedOut": false,
      "duration": 3261,
      "state": "passed",
      "speed": "slow",
      "pass": true,
      "fail": false,
      "pending": false,
      "code": "async function () {\n            await uiaction.userLogin(web, \"qweqrwqwe\", \"1233454\")\n            let errortip = await web.findElement(loginPage.errortip).getText()\n            console.log(errortip)\n            return assert.ok(errortip.indexOf(\"用户名或密码错误\") > -1)",
      "err": {},
      "isRoot": false,
      "uuid": "f5070959-85bc-45a8-bf8c-f24d4fde4b1f",
      "parentUUID": "a0b748b1-b852-41ea-8969-5c12fc646fe0",
      "isHook": false,
      "skipped": false
    },
    {
      "title": "输入密码错误",
      "fullTitle": "异常登录是否会提示正确 输入密码错误",
      "timedOut": false,
      "duration": 3853,
      "state": "passed",
      "speed": "slow",
      "pass": true,
      "fail": false,
      "pending": false,
      "code": "async function () {\n            await uiaction.userLogin(web, xufeng.username, \"qwerqwer\")\n            let errortip = await web.findElement(loginPage.errortip).getText()\n            console.log(errortip)\n            // return assert.deepEqual(\"x\\n用户名或密码错误\",errortip)\n            return assert.ok(errortip.indexOf(\"用户名或密码错误\") > -1)",
      "err": {},
      "isRoot": false,
      "uuid": "c49898af-55ab-4000-95f0-aa81a59466e5",
      "parentUUID": "a0b748b1-b852-41ea-8969-5c12fc646fe0",
      "isHook": false,
      "skipped": false
    }
  ],
  "allFailures": [],
  "copyrightYear": 2017
}