{
  "stats": {
    "suites": 2,
    "tests": 4,
    "passes": 4,
    "pending": 0,
    "failures": 0,
    "start": "2017-10-18T14:16:12.439Z",
    "end": "2017-10-18T14:16:38.060Z",
    "duration": 25621,
    "testsRegistered": 4,
    "passPercent": 100,
    "pendingPercent": 0,
    "other": 0,
    "hasOther": false,
    "skipped": 0,
    "hasSkipped": false,
    "passPercentClass": "success",
    "pendingPercentClass": "danger"
  },
  "suites": {
    "title": "",
    "suites": [
      {
        "title": "用户登录",
        "suites": [
          {
            "title": "异常登录是否会提示正确",
            "suites": [],
            "tests": [
              {
                "title": "直接点击登录按钮",
                "fullTitle": "用户登录 异常登录是否会提示正确 直接点击登录按钮",
                "timedOut": false,
                "duration": 1080,
                "state": "passed",
                "speed": "slow",
                "pass": true,
                "fail": false,
                "pending": false,
                "code": "async function () {\n            await uiaction.userLogin(web,\"\",\"\")\n            let errortip = await web.findElement(loginPage.errortip).getText()\n            console.log(errortip)\n            return assert.ok(errortip.indexOf(\"信息不完整\") > -1)",
                "err": {},
                "isRoot": false,
                "uuid": "d4c51367-76bc-4fe1-a8d1-052bc7521f2c",
                "parentUUID": "67c03197-de9c-44b3-8efc-fd8979b19d00",
                "isHook": false,
                "skipped": false
              },
              {
                "title": "输入不存在的用户名",
                "fullTitle": "用户登录 异常登录是否会提示正确 输入不存在的用户名",
                "timedOut": false,
                "duration": 1037,
                "state": "passed",
                "speed": "slow",
                "pass": true,
                "fail": false,
                "pending": false,
                "code": "async function () {\n            await uiaction.userLogin(web, \"qweqrwqwe\", \"1233454\")\n            let errortip = await web.findElement(loginPage.errortip).getText()\n            console.log(errortip)\n            return assert.ok(errortip.indexOf(\"用户名或密码错误\") > -1)",
                "err": {},
                "isRoot": false,
                "uuid": "4fbca69c-b7aa-4dc1-bcff-1e8baca59947",
                "parentUUID": "67c03197-de9c-44b3-8efc-fd8979b19d00",
                "isHook": false,
                "skipped": false
              },
              {
                "title": "输入密码错误",
                "fullTitle": "用户登录 异常登录是否会提示正确 输入密码错误",
                "timedOut": false,
                "duration": 1277,
                "state": "passed",
                "speed": "slow",
                "pass": true,
                "fail": false,
                "pending": false,
                "code": "async function () {\n            await uiaction.userLogin(web, xufeng.username, \"qwerqwer\")\n            let errortip = await web.findElement(loginPage.errortip).getText()\n            console.log(errortip)\n            // return assert.deepEqual(\"x\\n用户名或密码错误\",errortip)\n            return assert.ok(errortip.indexOf(\"用户名或密码错误\") > -1)",
                "err": {},
                "isRoot": false,
                "uuid": "802c7ace-0e81-4059-828d-5ec0d34cb982",
                "parentUUID": "67c03197-de9c-44b3-8efc-fd8979b19d00",
                "isHook": false,
                "skipped": false
              }
            ],
            "pending": [],
            "root": false,
            "_timeout": 600000,
            "file": "\\uiTest\\userTest\\login.js",
            "uuid": "67c03197-de9c-44b3-8efc-fd8979b19d00",
            "beforeHooks": [],
            "afterHooks": [],
            "fullFile": "D:\\AutoTest\\MyProject\\nodejsTestProject\\uiTest\\userTest\\login.js",
            "passes": [
              {
                "title": "直接点击登录按钮",
                "fullTitle": "用户登录 异常登录是否会提示正确 直接点击登录按钮",
                "timedOut": false,
                "duration": 1080,
                "state": "passed",
                "speed": "slow",
                "pass": true,
                "fail": false,
                "pending": false,
                "code": "async function () {\n            await uiaction.userLogin(web,\"\",\"\")\n            let errortip = await web.findElement(loginPage.errortip).getText()\n            console.log(errortip)\n            return assert.ok(errortip.indexOf(\"信息不完整\") > -1)",
                "err": {},
                "isRoot": false,
                "uuid": "d4c51367-76bc-4fe1-a8d1-052bc7521f2c",
                "parentUUID": "67c03197-de9c-44b3-8efc-fd8979b19d00",
                "isHook": false,
                "skipped": false
              },
              {
                "title": "输入不存在的用户名",
                "fullTitle": "用户登录 异常登录是否会提示正确 输入不存在的用户名",
                "timedOut": false,
                "duration": 1037,
                "state": "passed",
                "speed": "slow",
                "pass": true,
                "fail": false,
                "pending": false,
                "code": "async function () {\n            await uiaction.userLogin(web, \"qweqrwqwe\", \"1233454\")\n            let errortip = await web.findElement(loginPage.errortip).getText()\n            console.log(errortip)\n            return assert.ok(errortip.indexOf(\"用户名或密码错误\") > -1)",
                "err": {},
                "isRoot": false,
                "uuid": "4fbca69c-b7aa-4dc1-bcff-1e8baca59947",
                "parentUUID": "67c03197-de9c-44b3-8efc-fd8979b19d00",
                "isHook": false,
                "skipped": false
              },
              {
                "title": "输入密码错误",
                "fullTitle": "用户登录 异常登录是否会提示正确 输入密码错误",
                "timedOut": false,
                "duration": 1277,
                "state": "passed",
                "speed": "slow",
                "pass": true,
                "fail": false,
                "pending": false,
                "code": "async function () {\n            await uiaction.userLogin(web, xufeng.username, \"qwerqwer\")\n            let errortip = await web.findElement(loginPage.errortip).getText()\n            console.log(errortip)\n            // return assert.deepEqual(\"x\\n用户名或密码错误\",errortip)\n            return assert.ok(errortip.indexOf(\"用户名或密码错误\") > -1)",
                "err": {},
                "isRoot": false,
                "uuid": "802c7ace-0e81-4059-828d-5ec0d34cb982",
                "parentUUID": "67c03197-de9c-44b3-8efc-fd8979b19d00",
                "isHook": false,
                "skipped": false
              }
            ],
            "failures": [],
            "skipped": [],
            "hasBeforeHooks": false,
            "hasAfterHooks": false,
            "hasTests": true,
            "hasSuites": false,
            "totalTests": 3,
            "totalPasses": 3,
            "totalFailures": 0,
            "totalPending": 0,
            "totalSkipped": 0,
            "hasPasses": true,
            "hasFailures": false,
            "hasPending": false,
            "hasSkipped": false,
            "duration": 3394,
            "rootEmpty": false
          }
        ],
        "tests": [
          {
            "title": "输入正确的用户名和密码登录",
            "fullTitle": "用户登录 输入正确的用户名和密码登录",
            "timedOut": false,
            "duration": 20913,
            "state": "passed",
            "speed": "slow",
            "pass": true,
            "fail": false,
            "pending": false,
            "code": "async function () {\n        await uiaction.userLogin(web, xufeng.username, xufeng.password)",
            "err": {},
            "isRoot": false,
            "uuid": "9f5f2cc2-8fbd-4cd1-a27c-3317e6f6f682",
            "parentUUID": "73363161-22e8-4857-ad2e-dcc35b678a03",
            "isHook": false,
            "skipped": false
          }
        ],
        "pending": [],
        "root": false,
        "_timeout": 600000,
        "file": "\\uiTest\\userTest\\login.js",
        "uuid": "73363161-22e8-4857-ad2e-dcc35b678a03",
        "beforeHooks": [
          {
            "title": "\"before all\" hook: befor ",
            "fullTitle": "用户登录 \"before all\" hook: befor ",
            "timedOut": false,
            "duration": 3,
            "pass": false,
            "fail": false,
            "pending": false,
            "code": "async function (){\n        //  before todo",
            "err": {},
            "isRoot": false,
            "uuid": "78c03002-1a85-43ff-9205-6b4dfc72836b",
            "parentUUID": "73363161-22e8-4857-ad2e-dcc35b678a03",
            "isHook": true,
            "skipped": false
          }
        ],
        "afterHooks": [
          {
            "title": "\"after all\" hook:  close browser",
            "fullTitle": "用户登录 \"after all\" hook:  close browser",
            "timedOut": false,
            "duration": 82,
            "pass": false,
            "fail": false,
            "pending": false,
            "code": "async function () {\n        //await web.manage().deleteAllCookies();\n        return await web.quit();",
            "err": {},
            "isRoot": false,
            "uuid": "ef0286eb-f428-4144-8996-5f02a449d7b5",
            "parentUUID": "73363161-22e8-4857-ad2e-dcc35b678a03",
            "isHook": true,
            "skipped": false
          },
          {
            "title": "\"after each\" hook: tackscreenshot",
            "fullTitle": "用户登录 \"after each\" hook: tackscreenshot",
            "timedOut": false,
            "duration": 260,
            "pass": false,
            "fail": false,
            "pending": false,
            "code": "async function () {\n        await uiaction.saveScreenShots(web);\n        await web.manage().deleteAllCookies();",
            "err": {},
            "isRoot": false,
            "uuid": "117f5e2c-ccf1-468f-ab71-c9e24cf4d53f",
            "parentUUID": "73363161-22e8-4857-ad2e-dcc35b678a03",
            "isHook": true,
            "skipped": false
          }
        ],
        "fullFile": "D:\\AutoTest\\MyProject\\nodejsTestProject\\uiTest\\userTest\\login.js",
        "passes": [
          {
            "title": "输入正确的用户名和密码登录",
            "fullTitle": "用户登录 输入正确的用户名和密码登录",
            "timedOut": false,
            "duration": 20913,
            "state": "passed",
            "speed": "slow",
            "pass": true,
            "fail": false,
            "pending": false,
            "code": "async function () {\n        await uiaction.userLogin(web, xufeng.username, xufeng.password)",
            "err": {},
            "isRoot": false,
            "uuid": "9f5f2cc2-8fbd-4cd1-a27c-3317e6f6f682",
            "parentUUID": "73363161-22e8-4857-ad2e-dcc35b678a03",
            "isHook": false,
            "skipped": false
          }
        ],
        "failures": [],
        "skipped": [],
        "hasBeforeHooks": true,
        "hasAfterHooks": true,
        "hasTests": true,
        "hasSuites": true,
        "totalTests": 1,
        "totalPasses": 1,
        "totalFailures": 0,
        "totalPending": 0,
        "totalSkipped": 0,
        "hasPasses": true,
        "hasFailures": false,
        "hasPending": false,
        "hasSkipped": false,
        "duration": 20913,
        "rootEmpty": false
      }
    ],
    "tests": [],
    "pending": [],
    "root": true,
    "_timeout": 2000,
    "uuid": "7f521493-1fc2-40db-83d9-90df1f427be4",
    "beforeHooks": [],
    "afterHooks": [],
    "fullFile": "",
    "file": "",
    "passes": [],
    "failures": [],
    "skipped": [],
    "hasBeforeHooks": false,
    "hasAfterHooks": false,
    "hasTests": false,
    "hasSuites": true,
    "totalTests": 0,
    "totalPasses": 0,
    "totalFailures": 0,
    "totalPending": 0,
    "totalSkipped": 0,
    "hasPasses": false,
    "hasFailures": false,
    "hasPending": false,
    "hasSkipped": false,
    "duration": 0,
    "rootEmpty": true
  },
  "allTests": [
    {
      "title": "输入正确的用户名和密码登录",
      "fullTitle": "用户登录 输入正确的用户名和密码登录",
      "timedOut": false,
      "duration": 20913,
      "state": "passed",
      "speed": "slow",
      "pass": true,
      "fail": false,
      "pending": false,
      "code": "async function () {\n        await uiaction.userLogin(web, xufeng.username, xufeng.password)",
      "err": {},
      "isRoot": false,
      "uuid": "9f5f2cc2-8fbd-4cd1-a27c-3317e6f6f682",
      "parentUUID": "73363161-22e8-4857-ad2e-dcc35b678a03",
      "isHook": false,
      "skipped": false
    },
    {
      "title": "直接点击登录按钮",
      "fullTitle": "异常登录是否会提示正确 直接点击登录按钮",
      "timedOut": false,
      "duration": 1080,
      "state": "passed",
      "speed": "slow",
      "pass": true,
      "fail": false,
      "pending": false,
      "code": "async function () {\n            await uiaction.userLogin(web,\"\",\"\")\n            let errortip = await web.findElement(loginPage.errortip).getText()\n            console.log(errortip)\n            return assert.ok(errortip.indexOf(\"信息不完整\") > -1)",
      "err": {},
      "isRoot": false,
      "uuid": "d4c51367-76bc-4fe1-a8d1-052bc7521f2c",
      "parentUUID": "67c03197-de9c-44b3-8efc-fd8979b19d00",
      "isHook": false,
      "skipped": false
    },
    {
      "title": "输入不存在的用户名",
      "fullTitle": "异常登录是否会提示正确 输入不存在的用户名",
      "timedOut": false,
      "duration": 1037,
      "state": "passed",
      "speed": "slow",
      "pass": true,
      "fail": false,
      "pending": false,
      "code": "async function () {\n            await uiaction.userLogin(web, \"qweqrwqwe\", \"1233454\")\n            let errortip = await web.findElement(loginPage.errortip).getText()\n            console.log(errortip)\n            return assert.ok(errortip.indexOf(\"用户名或密码错误\") > -1)",
      "err": {},
      "isRoot": false,
      "uuid": "4fbca69c-b7aa-4dc1-bcff-1e8baca59947",
      "parentUUID": "67c03197-de9c-44b3-8efc-fd8979b19d00",
      "isHook": false,
      "skipped": false
    },
    {
      "title": "输入密码错误",
      "fullTitle": "异常登录是否会提示正确 输入密码错误",
      "timedOut": false,
      "duration": 1277,
      "state": "passed",
      "speed": "slow",
      "pass": true,
      "fail": false,
      "pending": false,
      "code": "async function () {\n            await uiaction.userLogin(web, xufeng.username, \"qwerqwer\")\n            let errortip = await web.findElement(loginPage.errortip).getText()\n            console.log(errortip)\n            // return assert.deepEqual(\"x\\n用户名或密码错误\",errortip)\n            return assert.ok(errortip.indexOf(\"用户名或密码错误\") > -1)",
      "err": {},
      "isRoot": false,
      "uuid": "802c7ace-0e81-4059-828d-5ec0d34cb982",
      "parentUUID": "67c03197-de9c-44b3-8efc-fd8979b19d00",
      "isHook": false,
      "skipped": false
    }
  ],
  "allPending": [],
  "allPasses": [
    {
      "title": "输入正确的用户名和密码登录",
      "fullTitle": "用户登录 输入正确的用户名和密码登录",
      "timedOut": false,
      "duration": 20913,
      "state": "passed",
      "speed": "slow",
      "pass": true,
      "fail": false,
      "pending": false,
      "code": "async function () {\n        await uiaction.userLogin(web, xufeng.username, xufeng.password)",
      "err": {},
      "isRoot": false,
      "uuid": "9f5f2cc2-8fbd-4cd1-a27c-3317e6f6f682",
      "parentUUID": "73363161-22e8-4857-ad2e-dcc35b678a03",
      "isHook": false,
      "skipped": false
    },
    {
      "title": "直接点击登录按钮",
      "fullTitle": "异常登录是否会提示正确 直接点击登录按钮",
      "timedOut": false,
      "duration": 1080,
      "state": "passed",
      "speed": "slow",
      "pass": true,
      "fail": false,
      "pending": false,
      "code": "async function () {\n            await uiaction.userLogin(web,\"\",\"\")\n            let errortip = await web.findElement(loginPage.errortip).getText()\n            console.log(errortip)\n            return assert.ok(errortip.indexOf(\"信息不完整\") > -1)",
      "err": {},
      "isRoot": false,
      "uuid": "d4c51367-76bc-4fe1-a8d1-052bc7521f2c",
      "parentUUID": "67c03197-de9c-44b3-8efc-fd8979b19d00",
      "isHook": false,
      "skipped": false
    },
    {
      "title": "输入不存在的用户名",
      "fullTitle": "异常登录是否会提示正确 输入不存在的用户名",
      "timedOut": false,
      "duration": 1037,
      "state": "passed",
      "speed": "slow",
      "pass": true,
      "fail": false,
      "pending": false,
      "code": "async function () {\n            await uiaction.userLogin(web, \"qweqrwqwe\", \"1233454\")\n            let errortip = await web.findElement(loginPage.errortip).getText()\n            console.log(errortip)\n            return assert.ok(errortip.indexOf(\"用户名或密码错误\") > -1)",
      "err": {},
      "isRoot": false,
      "uuid": "4fbca69c-b7aa-4dc1-bcff-1e8baca59947",
      "parentUUID": "67c03197-de9c-44b3-8efc-fd8979b19d00",
      "isHook": false,
      "skipped": false
    },
    {
      "title": "输入密码错误",
      "fullTitle": "异常登录是否会提示正确 输入密码错误",
      "timedOut": false,
      "duration": 1277,
      "state": "passed",
      "speed": "slow",
      "pass": true,
      "fail": false,
      "pending": false,
      "code": "async function () {\n            await uiaction.userLogin(web, xufeng.username, \"qwerqwer\")\n            let errortip = await web.findElement(loginPage.errortip).getText()\n            console.log(errortip)\n            // return assert.deepEqual(\"x\\n用户名或密码错误\",errortip)\n            return assert.ok(errortip.indexOf(\"用户名或密码错误\") > -1)",
      "err": {},
      "isRoot": false,
      "uuid": "802c7ace-0e81-4059-828d-5ec0d34cb982",
      "parentUUID": "67c03197-de9c-44b3-8efc-fd8979b19d00",
      "isHook": false,
      "skipped": false
    }
  ],
  "allFailures": [],
  "copyrightYear": 2017
}